C:\USERS\PHILIPPE\DESKTOP\ETS-INF-155-TP3\TP3\TP3\DEBUG\T_AUTO.OBJ
C:\USERS\PHILIPPE\DESKTOP\ETS-INF-155-TP3\TP3\TP3\DEBUG\VC110.PDB
C:\USERS\PHILIPPE\DESKTOP\ETS-INF-155-TP3\TP3\TP3\DEBUG\DONNEES_ROUTE.OBJ
C:\USERS\PHILIPPE\DESKTOP\ETS-INF-155-TP3\TP3\TP3\DEBUG\GRAPHIQUES_LIB.OBJ
C:\USERS\PHILIPPE\DESKTOP\ETS-INF-155-TP3\TP3\TP3\DEBUG\PRINCIPAL.OBJ
C:\USERS\PHILIPPE\DESKTOP\ETS-INF-155-TP3\TP3\TP3\DEBUG\WINBGIM.OBJ
C:\USERS\PHILIPPE\DESKTOP\ETS-INF-155-TP3\TP3\TP3\DEBUG\T_OBSTACLES.OBJ
C:\USERS\PHILIPPE\DESKTOP\ETS-INF-155-TP3\TP3\DEBUG\TP3.ILK
C:\USERS\PHILIPPE\DESKTOP\ETS-INF-155-TP3\TP3\DEBUG\TP3.EXE
C:\USERS\PHILIPPE\DESKTOP\ETS-INF-155-TP3\TP3\DEBUG\TP3.PDB
C:\Users\Philippe\Desktop\ETS-INF-155-TP3\TP3\Debug\TP3.lib
C:\Users\Philippe\Desktop\ETS-INF-155-TP3\TP3\Debug\TP3.exp
C:\Users\Philippe\Desktop\ETS-INF-155-TP3\TP3\TP3\Debug\donnees_route.obj
C:\Users\Philippe\Desktop\ETS-INF-155-TP3\TP3\TP3\Debug\graphiques_lib.obj
C:\Users\Philippe\Desktop\ETS-INF-155-TP3\TP3\TP3\Debug\principal.obj
C:\Users\Philippe\Desktop\ETS-INF-155-TP3\TP3\TP3\Debug\t_auto.obj
C:\Users\Philippe\Desktop\ETS-INF-155-TP3\TP3\TP3\Debug\t_obstacles.obj
C:\Users\Philippe\Desktop\ETS-INF-155-TP3\TP3\TP3\Debug\WINBGIM.obj
C:\Users\Philippe\Desktop\ETS-INF-155-TP3\TP3\TP3\Debug\cl.command.1.tlog
C:\Users\Philippe\Desktop\ETS-INF-155-TP3\TP3\TP3\Debug\CL.read.1.tlog
C:\Users\Philippe\Desktop\ETS-INF-155-TP3\TP3\TP3\Debug\CL.write.1.tlog
C:\Users\Philippe\Desktop\ETS-INF-155-TP3\TP3\TP3\Debug\link-cvtres.read.1.tlog
C:\Users\Philippe\Desktop\ETS-INF-155-TP3\TP3\TP3\Debug\link-cvtres.write.1.tlog
C:\Users\Philippe\Desktop\ETS-INF-155-TP3\TP3\TP3\Debug\link-rc.read.1.tlog
C:\Users\Philippe\Desktop\ETS-INF-155-TP3\TP3\TP3\Debug\link-rc.write.1.tlog
C:\Users\Philippe\Desktop\ETS-INF-155-TP3\TP3\TP3\Debug\link.3728-cvtres.read.1.tlog
C:\Users\Philippe\Desktop\ETS-INF-155-TP3\TP3\TP3\Debug\link.3728-cvtres.write.1.tlog
C:\Users\Philippe\Desktop\ETS-INF-155-TP3\TP3\TP3\Debug\link.3728-rc.read.1.tlog
C:\Users\Philippe\Desktop\ETS-INF-155-TP3\TP3\TP3\Debug\link.3728-rc.write.1.tlog
C:\Users\Philippe\Desktop\ETS-INF-155-TP3\TP3\TP3\Debug\link.3728.read.1.tlog
C:\Users\Philippe\Desktop\ETS-INF-155-TP3\TP3\TP3\Debug\link.3728.write.1.tlog
C:\Users\Philippe\Desktop\ETS-INF-155-TP3\TP3\TP3\Debug\link.command.1.tlog
C:\Users\Philippe\Desktop\ETS-INF-155-TP3\TP3\TP3\Debug\link.read.1.tlog
C:\Users\Philippe\Desktop\ETS-INF-155-TP3\TP3\TP3\Debug\link.write.1.tlog
C:\Users\Philippe\Desktop\ETS-INF-155-TP3\TP3\TP3\Debug\TP3.write.1.tlog
C:\Users\Philippe\Desktop\ETS-INF-155-TP3\TP3\TP3\Debug\vc110.idb
C:\Users\Philippe\Desktop\ETS-INF-155-TP3\TP3\TP3\Debug\vc110.pdb
C:\Users\Philippe\Desktop\ETS-INF-155-TP3\TP3\Debug\TP3.pdb
C:\Users\Philippe\Desktop\ETS-INF-155-TP3\TP3\Debug\TP3.exe
C:\Users\Philippe\Desktop\ETS-INF-155-TP3\TP3\Debug\TP3.ilk
