La génération a démarré 2015-11-23 13:28:59.
     1>Projet "C:\Users\Philippe\Desktop\ETS-INF-155-TP3\TP3\TP3\TP3.vcxproj" sur le nœud 2 (Build cible(s)).
     1>ClCompile:
         C:\Program Files (x86)\Microsoft Visual Studio 11.0\VC\bin\CL.exe /c /ZI /nologo /W3 /WX- /Od /Oy- /D _MBCS /Gm /EHsc /RTC1 /MDd /GS /fp:precise /Zc:wchar_t /Zc:forScope /Fo"Debug\\" /Fd"Debug\vc110.pdb" /Gd /TP /analyze- /errorReport:prompt t_auto.cpp t_obstacles.cpp
         t_obstacles.cpp
         Génération de code en cours...
         Compilation en cours...
         t_auto.cpp
     1>c:\users\philippe\desktop\ets-inf-155-tp3\tp3\tp3\t_auto.cpp(89): warning C4553: '==' : opérateur sans effet ; souhaitiez-vous '=' ?
         Génération de code en cours...
     1>c:\users\philippe\desktop\ets-inf-155-tp3\tp3\tp3\t_auto.cpp(91): warning C4700: variable locale 'vitesse' non initialisée utilisée
       Link:
         C:\Program Files (x86)\Microsoft Visual Studio 11.0\VC\bin\link.exe /ERRORREPORT:PROMPT /OUT:"C:\Users\Philippe\Desktop\ETS-INF-155-TP3\TP3\Debug\TP3.exe" /INCREMENTAL /NOLOGO kernel32.lib user32.lib gdi32.lib winspool.lib comdlg32.lib advapi32.lib shell32.lib ole32.lib oleaut32.lib uuid.lib odbc32.lib odbccp32.lib /MANIFEST /MANIFESTUAC:"level='asInvoker' uiAccess='false'" /manifest:embed /DEBUG /PDB:"C:\Users\Philippe\Desktop\ETS-INF-155-TP3\TP3\Debug\TP3.pdb" /TLBID:1 /DYNAMICBASE /NXCOMPAT /IMPLIB:"C:\Users\Philippe\Desktop\ETS-INF-155-TP3\TP3\Debug\TP3.lib" /MACHINE:X86 Debug\donnees_route.obj
         Debug\graphiques_lib.obj
         Debug\principal.obj
         Debug\t_auto.obj
         Debug\t_obstacles.obj
         Debug\WINBGIM.obj
            CrÚation de la bibliothÞque C:\Users\Philippe\Desktop\ETS-INF-155-TP3\TP3\Debug\TP3.lib et de l'objet C:\Users\Philippe\Desktop\ETS-INF-155-TP3\TP3\Debug\TP3.exp
         TP3.vcxproj -> C:\Users\Philippe\Desktop\ETS-INF-155-TP3\TP3\Debug\TP3.exe
     1>Génération du projet "C:\Users\Philippe\Desktop\ETS-INF-155-TP3\TP3\TP3\TP3.vcxproj" terminée (Build cible(s)).

La génération a réussi.

Temps écoulé 00:00:02.55
